<?xml version="1.0" encoding="UTF-8"?>
<testsuite name="com.example.mutantesprog3.MutantesProg3ApplicationTests" tests="1" skipped="0" failures="0" errors="0" timestamp="2024-10-11T18:35:18" hostname="AGUS" time="0.583">
  <properties/>
  <testcase name="contextLoads()" classname="com.example.mutantesprog3.MutantesProg3ApplicationTests" time="0.583"/>
  <system-out><![CDATA[15:35:15.653 [Test worker] INFO org.springframework.test.context.support.AnnotationConfigContextLoaderUtils -- Could not detect default configuration classes for test class [com.example.mutantesprog3.MutantesProg3ApplicationTests]: MutantesProg3ApplicationTests does not declare any static, non-private, non-final, nested classes annotated with @Configuration.
15:35:15.733 [Test worker] INFO org.springframework.boot.test.context.SpringBootTestContextBootstrapper -- Found @SpringBootConfiguration com.example.mutantesprog3.MutantesProg3Application for test class com.example.mutantesprog3.MutantesProg3ApplicationTests

  .   ____          _            __ _ _
 /\\ / ___'_ __ _ _(_)_ __  __ _ \ \ \ \
( ( )\___ | '_ | '_| | '_ \/ _` | \ \ \ \
 \\/  ___)| |_)| | | | | || (_| |  ) ) ) )
  '  |____| .__|_| |_|_| |_\__, | / / / /
 =========|_|==============|___/=/_/_/_/

 :: Spring Boot ::                (v3.3.4)

2024-10-11T15:35:16.086-03:00  INFO 18864 --- [MutantesProg3] [    Test worker] c.e.m.MutantesProg3ApplicationTests      : Starting MutantesProg3ApplicationTests using Java 17.0.12 with PID 18864 (started by agust in C:\Users\agust\Documents\GitHub\MutantesProg3)
2024-10-11T15:35:16.087-03:00  INFO 18864 --- [MutantesProg3] [    Test worker] c.e.m.MutantesProg3ApplicationTests      : No active profile set, falling back to 1 default profile: "default"
2024-10-11T15:35:16.663-03:00  INFO 18864 --- [MutantesProg3] [    Test worker] .s.d.r.c.RepositoryConfigurationDelegate : Bootstrapping Spring Data JPA repositories in DEFAULT mode.
2024-10-11T15:35:16.681-03:00  INFO 18864 --- [MutantesProg3] [    Test worker] .s.d.r.c.RepositoryConfigurationDelegate : Finished Spring Data repository scanning in 10 ms. Found 0 JPA repository interfaces.
2024-10-11T15:35:17.037-03:00  INFO 18864 --- [MutantesProg3] [    Test worker] com.zaxxer.hikari.HikariDataSource       : HikariPool-1 - Starting...
2024-10-11T15:35:17.213-03:00  INFO 18864 --- [MutantesProg3] [    Test worker] com.zaxxer.hikari.pool.HikariPool        : HikariPool-1 - Added connection conn0: url=jdbc:h2:mem:5ed291c6-e1e3-4e3c-997c-bb1a599794d9 user=SA
2024-10-11T15:35:17.214-03:00  INFO 18864 --- [MutantesProg3] [    Test worker] com.zaxxer.hikari.HikariDataSource       : HikariPool-1 - Start completed.
2024-10-11T15:35:17.262-03:00  INFO 18864 --- [MutantesProg3] [    Test worker] o.hibernate.jpa.internal.util.LogHelper  : HHH000204: Processing PersistenceUnitInfo [name: default]
2024-10-11T15:35:17.324-03:00  INFO 18864 --- [MutantesProg3] [    Test worker] org.hibernate.Version                    : HHH000412: Hibernate ORM core version 6.5.3.Final
2024-10-11T15:35:17.366-03:00  INFO 18864 --- [MutantesProg3] [    Test worker] o.h.c.internal.RegionFactoryInitiator    : HHH000026: Second-level cache disabled
2024-10-11T15:35:17.723-03:00  INFO 18864 --- [MutantesProg3] [    Test worker] o.s.o.j.p.SpringPersistenceUnitInfo      : No LoadTimeWeaver setup: ignoring JPA class transformer
2024-10-11T15:35:18.115-03:00  INFO 18864 --- [MutantesProg3] [    Test worker] o.h.e.t.j.p.i.JtaPlatformInitiator       : HHH000489: No JTA platform available (set 'hibernate.transaction.jta.platform' to enable JTA platform integration)
2024-10-11T15:35:18.119-03:00  INFO 18864 --- [MutantesProg3] [    Test worker] j.LocalContainerEntityManagerFactoryBean : Initialized JPA EntityManagerFactory for persistence unit 'default'
2024-10-11T15:35:18.300-03:00  WARN 18864 --- [MutantesProg3] [    Test worker] JpaBaseConfiguration$JpaWebConfiguration : spring.jpa.open-in-view is enabled by default. Therefore, database queries may be performed during view rendering. Explicitly configure spring.jpa.open-in-view to disable this warning
2024-10-11T15:35:18.729-03:00  INFO 18864 --- [MutantesProg3] [    Test worker] c.e.m.MutantesProg3ApplicationTests      : Started MutantesProg3ApplicationTests in 2.85 seconds (process running for 3.86)
]]></system-out>
  <system-err><![CDATA[]]></system-err>
</testsuite>
